Arguments: 
  /usr/bin/node /usr/bin/yarn init

PATH: 
  /home/phil/.local/bin:/home/phil/bin:/home/phil/.cargo/bin:/usr/local/sbin:/usr/local/bin:/usr/bin:/home/phil/.dotnet/tools:/usr/lib/jvm/default/bin:/usr/bin/site_perl:/usr/bin/vendor_perl:/usr/bin/core_perl:/usr/lib/servo

Yarn version: 
  1.22.17

Node version: 
  16.11.1

Platform: 
  linux x64

Trace: 
  Error: canceled
      at Interface.<anonymous> (/usr/lib/node_modules/yarn/lib/cli.js:137143:13)
      at Interface.emit (node:events:390:28)
      at Interface._ttyWrite (node:readline:1081:16)
      at ReadStream.onkeypress (node:readline:288:10)
      at ReadStream.emit (node:events:390:28)
      at emitKeys (node:internal/readline/utils:358:14)
      at emitKeys.next (<anonymous>)
      at ReadStream.onData (node:internal/readline/emitKeypressEvents:61:36)
      at ReadStream.emit (node:events:390:28)
      at addChunk (node:internal/streams/readable:315:12)

npm manifest: 
  {
    "name": "react-color-scheme-switch",
    "packageManager": "yarn@3.1.0",
    "devDependencies": {
      "husky": "^7.0.4",
      "xo": "^0.46.4"
    },
    "scripts": {
      "prepare": "husky install",
      "lint": "xo --fix"
    }
  }

yarn manifest: 
  No manifest

Lockfile: 
  No lockfile
